<?xml version="1.0" encoding="utf-8"?><testsuites name="pytest tests"><testsuite name="pytest" errors="0" failures="0" skipped="3" tests="109" time="85.023" timestamp="2026-09-06T02:01:00.336996+03:00" hostname="mousa-VivoBook-ASUSLaptop-M1603QA-M1603QA"><testcase classname="tests.assistant.test_local_provider" name="test_ollama_uses_typed_schema_and_never_exposes_thinking" time="0.012" /><testcase classname="tests.assistant.test_local_provider" name="test_invalid_model_plans_cannot_execute[{&quot;action&quot;:&quot;execute_python&quot;,&quot;code&quot;:&quot;print(1)&quot;}]" time="0.006" /><testcase classname="tests.assistant.test_local_provider" name="test_invalid_model_plans_cannot_execute[{&quot;action&quot;:&quot;metric_query&quot;,&quot;metric_ids&quot;:[&quot;salary&quot;]}]" time="0.006" /><testcase classname="tests.assistant.test_local_provider" name="test_invalid_model_plans_cannot_execute[{&quot;action&quot;:&quot;metric_query&quot;,&quot;metric_ids&quot;:[]}]" time="0.004" /><testcase classname="tests.assistant.test_local_provider" name="test_invalid_model_plans_cannot_execute[{&quot;action&quot;:&quot;metric_query&quot;,&quot;metric_ids&quot;:[&quot;net_revenue&quot;],&quot;period&quot;:&quot;custom&quot;}]" time="0.004" /><testcase classname="tests.assistant.test_local_provider" name="test_invalid_model_plans_cannot_execute[not json]" time="0.006" /><testcase classname="tests.assistant.test_local_provider" name="test_provider_failure_is_redacted_and_retryable" time="0.004" /><testcase classname="tests.assistant.test_local_provider" name="test_missing_model_status_is_distinct_from_unreachable" time="0.002" /><testcase classname="tests.assistant.test_local_provider" name="test_invalid_plan_requires_clarification_without_guessing_filters" time="0.002" /><testcase classname="tests.assistant.test_local_provider" name="test_graph_executes_real_metrics_and_persists_scoped_conversation" time="1.940" /><testcase classname="tests.assistant.test_local_provider" name="test_deterministic_arabic_answer_preserves_missing_cost" time="1.778" /><testcase classname="tests.backend.test_auth_security" name="test_demo_login_sets_secure_session_and_returns_scoped_context" time="1.435" /><testcase classname="tests.backend.test_auth_security" name="test_invalid_login_is_generic_and_does_not_create_session" time="1.786" /><testcase classname="tests.backend.test_auth_security" name="test_mutation_requires_matching_csrf_token" time="1.522" /><testcase classname="tests.backend.test_auth_security" name="test_tenant_owned_identifiers_cannot_be_read_across_tenants" time="1.801" /><testcase classname="tests.backend.test_auth_security" name="test_security_headers_and_correlation_id_are_present" time="1.203" /><testcase classname="tests.backend.test_cleaning_concurrency" name="test_losing_cleaning_publish_cannot_overwrite_the_winning_artifact" time="1.395" /><testcase classname="tests.backend.test_deep_analytics_and_security" name="test_margin_amount_and_rate_are_distinct_governed_metrics" time="0.001" /><testcase classname="tests.backend.test_deep_analytics_and_security" name="test_margin_rate_abstains_for_zero_revenue_or_missing_cost" time="0.001" /><testcase classname="tests.backend.test_deep_analytics_and_security" name="test_company_metrics_use_portable_datetime_queries" time="1.436" /><testcase classname="tests.backend.test_deep_analytics_and_security" name="test_forecast_uses_temporal_model_selection_and_reports_uncertainty" time="1.388" /><testcase classname="tests.backend.test_deep_analytics_and_security" name="test_optimizer_uses_cp_sat_when_optional_dependency_is_installed" time="1.467" /><testcase classname="tests.backend.test_deep_analytics_and_security" name="test_causal_randomized_example_is_bounded_reproducible_and_assumption_labeled" time="2.506" /><testcase classname="tests.backend.test_deep_analytics_and_security" name="test_spreadsheet_exports_neutralize_formula_and_url_interpretation" time="0.014" /><testcase classname="tests.backend.test_deep_analytics_and_security" name="test_xlsx_ingestion_reports_sheet_selection_and_unevaluated_formulas" time="0.021" /><testcase classname="tests.backend.test_deep_analytics_and_security" name="test_viewer_cannot_mutate_artifacts_or_read_people_details" time="1.374" /><testcase classname="tests.backend.test_deep_analytics_and_security" name="test_people_projection_and_department_scoping_are_enforced" time="1.579" /><testcase classname="tests.backend.test_deep_analytics_and_security" name="test_origin_policy_and_fixed_window_rate_limits" time="1.202" /><testcase classname="tests.backend.test_evidence_scope" name="test_overview_assistant_and_worker_share_the_reporting_cutoff" time="1.603" /><testcase classname="tests.backend.test_evidence_scope" name="test_manager_cannot_reuse_broader_evidence" time="1.464" /><testcase classname="tests.backend.test_evidence_scope" name="test_saved_report_rechecks_scope_after_demotion" time="1.388" /><testcase classname="tests.backend.test_evidence_scope" name="test_dashboard_versions_are_immutable_and_conflict_safe" time="1.509" /><testcase classname="tests.backend.test_evidence_scope" name="test_nested_json_is_profiled_without_server_error" time="1.345" /><testcase classname="tests.backend.test_job_execution" name="test_worker_computes_a_real_persisted_result" time="1.310" /><testcase classname="tests.backend.test_job_execution" name="test_worker_rechecks_permissions_after_enqueue" time="1.457" /><testcase classname="tests.backend.test_job_execution" name="test_worker_rejects_invalid_metric_without_crashing[metric_id0]" time="1.328" /><testcase classname="tests.backend.test_job_execution" name="test_worker_rejects_invalid_metric_without_crashing[metric_id1]" time="1.542" /><testcase classname="tests.backend.test_job_execution" name="test_worker_rejects_invalid_metric_without_crashing[unknown_metric]" time="1.469" /><testcase classname="tests.backend.test_job_execution" name="test_separate_worker_process_publishes_a_readable_result" time="2.148" /><testcase classname="tests.backend.test_pdf_unicode" name="test_pdf_uses_unicode_paginated_renderer_and_disables_fetching" time="2.385" /><testcase classname="tests.backend.test_platform_api" name="test_seeded_overview_and_company_modules_use_real_related_records" time="1.629" /><testcase classname="tests.backend.test_platform_api" name="test_department_manager_scope_and_hr_field_protection" time="1.403" /><testcase classname="tests.backend.test_platform_api" name="test_deterministic_tool_answer_and_honest_provider_unavailability" time="1.337" /><testcase classname="tests.backend.test_platform_api" name="test_forecast_process_optimization_simulation_and_causal_boundaries" time="1.585" /><testcase classname="tests.backend.test_platform_api" name="test_capabilities_connectors_jobs_schedules_decisions_and_version_conflicts" time="1.436" /><testcase classname="tests.backend.test_resilience_and_exports" name="test_connector_host_policy_incremental_checkpoint_and_schema_drift" time="1.442" /><testcase classname="tests.backend.test_resilience_and_exports" name="test_report_patch_preserves_history_and_exports_bound_evidence" time="1.640" /><testcase classname="tests.backend.test_resilience_and_exports" name="test_job_cancellation_is_scoped_and_interrupted_jobs_recover" time="1.566" /><testcase classname="tests.backend.test_vertical_slice" name="test_upload_profile_clean_apply_metric_dashboard_report_and_rollback" time="1.470" /><testcase classname="tests.backend.test_vertical_slice" name="test_supported_upload_formats_preserve_identifier_text[csv]" time="1.504" /><testcase classname="tests.backend.test_vertical_slice" name="test_supported_upload_formats_preserve_identifier_text[tsv]" time="1.357" /><testcase classname="tests.backend.test_vertical_slice" name="test_supported_upload_formats_preserve_identifier_text[json]" time="1.418" /><testcase classname="tests.backend.test_vertical_slice" name="test_supported_upload_formats_preserve_identifier_text[jsonl]" time="1.330" /><testcase classname="tests.backend.test_vertical_slice" name="test_supported_upload_formats_preserve_identifier_text[xlsx]" time="1.563" /><testcase classname="tests.backend.test_vertical_slice" name="test_supported_upload_formats_preserve_identifier_text[parquet]" time="1.361" /><testcase classname="tests.backend.test_vertical_slice" name="test_legacy_xls_is_explicitly_unsupported" time="1.319" /><testcase classname="tests.backend.test_vertical_slice" name="test_upload_idempotency_does_not_duplicate_artifacts" time="1.551" /><testcase classname="tests.connectors.test_postgres_live" name="test_postgres_real_keyset_resume_preserves_ties_and_decimal_precision" time="0.001"><skipped type="pytest.skip" message="A dedicated BASEERA_TEST_POSTGRES_URL is required">/home/mousa/Desktop/New Folder 1/tests/connectors/test_postgres_live.py:75: A dedicated BASEERA_TEST_POSTGRES_URL is required</skipped></testcase><testcase classname="tests.connectors.test_postgres_live" name="test_postgres_rejects_null_watermark_before_advancing_checkpoint" time="0.001"><skipped type="pytest.skip" message="A dedicated BASEERA_TEST_POSTGRES_URL is required">/home/mousa/Desktop/New Folder 1/tests/connectors/test_postgres_live.py:99: A dedicated BASEERA_TEST_POSTGRES_URL is required</skipped></testcase><testcase classname="tests.connectors.test_postgres_live" name="test_postgres_driver_transaction_is_read_only" time="0.001"><skipped type="pytest.skip" message="A dedicated BASEERA_TEST_POSTGRES_URL is required">/home/mousa/Desktop/New Folder 1/tests/connectors/test_postgres_live.py:110: A dedicated BASEERA_TEST_POSTGRES_URL is required</skipped></testcase><testcase classname="tests.connectors.test_source_adapters" name="test_rest_pins_dns_keeps_tls_identity_and_commits_cursor" time="0.003" /><testcase classname="tests.connectors.test_source_adapters" name="test_rest_rejects_destinations_before_network[http://api.example.com]" time="0.001" /><testcase classname="tests.connectors.test_source_adapters" name="test_rest_rejects_destinations_before_network[https://api.example.com:444/records]" time="0.001" /><testcase classname="tests.connectors.test_source_adapters" name="test_rest_rejects_destinations_before_network[https://api.example.com.evil.test]" time="0.001" /><testcase classname="tests.connectors.test_source_adapters" name="test_rest_rejects_destinations_before_network[https://user:secret@api.example.com]" time="0.001" /><testcase classname="tests.connectors.test_source_adapters" name="test_rest_rejects_destinations_before_network[https://api.example.com/records#fragment]" time="0.001" /><testcase classname="tests.connectors.test_source_adapters" name="test_rest_rejects_private_or_mixed_dns[addresses0]" time="0.001" /><testcase classname="tests.connectors.test_source_adapters" name="test_rest_rejects_private_or_mixed_dns[addresses1]" time="0.001" /><testcase classname="tests.connectors.test_source_adapters" name="test_rest_rejects_private_or_mixed_dns[addresses2]" time="0.002" /><testcase classname="tests.connectors.test_source_adapters" name="test_rest_rejects_private_or_mixed_dns[addresses3]" time="0.001" /><testcase classname="tests.connectors.test_source_adapters" name="test_rest_rejects_private_or_mixed_dns[addresses4]" time="0.001" /><testcase classname="tests.connectors.test_source_adapters" name="test_rest_never_forwards_credentials_to_redirect" time="0.002" /><testcase classname="tests.connectors.test_source_adapters" name="test_rest_partial_checkpoint_resumes_exact_next_page" time="0.002" /><testcase classname="tests.connectors.test_source_adapters" name="test_rest_maps_errors_without_leaking_upstream_body[response0-connector_authentication_failed]" time="0.002" /><testcase classname="tests.connectors.test_source_adapters" name="test_rest_maps_errors_without_leaking_upstream_body[response1-connector_upstream_failed]" time="0.002" /><testcase classname="tests.connectors.test_source_adapters" name="test_rest_maps_errors_without_leaking_upstream_body[response2-connector_invalid_response]" time="0.002" /><testcase classname="tests.connectors.test_source_adapters" name="test_rest_maps_errors_without_leaking_upstream_body[response3-connector_invalid_response]" time="0.002" /><testcase classname="tests.connectors.test_source_adapters" name="test_rest_enforces_response_byte_limit" time="0.001" /><testcase classname="tests.connectors.test_source_adapters" name="test_rest_rejects_overfull_page_and_cursor_loop_without_publishing" time="0.003" /><testcase classname="tests.connectors.test_source_adapters" name="test_odoo_json2_only_calls_read_methods_and_uses_keyset_pagination" time="0.003" /><testcase classname="tests.connectors.test_source_adapters" name="test_missing_server_credentials_is_explicit_and_never_connects[odoo_json2-config0]" time="0.002" /><testcase classname="tests.connectors.test_source_adapters" name="test_missing_server_credentials_is_explicit_and_never_connects[postgresql-config1]" time="0.002" /><testcase classname="tests.connectors.test_source_adapters" name="test_postgres_rejects_sql_and_unsafe_identifiers_before_connection" time="0.001" /><testcase classname="tests.contracts.test_capability_manifest" name="test_capability_manifest_has_unique_complete_entries" time="0.001" /><testcase classname="tests.contracts.test_capability_manifest" name="test_tested_capabilities_always_link_passing_evidence" time="0.001" /><testcase classname="tests.contracts.test_capability_manifest" name="test_blocked_capabilities_explain_the_external_gate" time="0.001" /><testcase classname="tests.contracts.test_contract_files" name="test_required_evidence_contracts_exist_and_are_objects" time="0.001" /><testcase classname="tests.contracts.test_contract_files" name="test_result_contract_requires_scope_provenance_and_warnings" time="0.001" /><testcase classname="tests.contracts.test_contract_files" name="test_finding_cannot_hide_its_classification_or_evidence" time="0.001" /><testcase classname="tests.contracts.test_contract_files" name="test_change_proposal_uses_optimistic_versioning_and_typed_operations" time="0.001" /><testcase classname="tests.security.test_access_controls" name="test_anonymous_requests_cannot_read_tenant_resources" time="1.257" /><testcase classname="tests.security.test_access_controls" name="test_membership_revocation_takes_effect_on_the_next_request" time="1.328" /><testcase classname="tests.security.test_access_controls" name="test_expired_sessions_are_rejected" time="1.307" /><testcase classname="tests.security.test_access_controls" name="test_viewer_without_write_permission_cannot_mutate_artifacts" time="1.538" /><testcase classname="tests.security.test_access_controls" name="test_aggregate_people_permission_does_not_disclose_individual_fields" time="1.360" /><testcase classname="tests.security.test_access_controls" name="test_department_manager_operations_are_row_scoped" time="1.349" /><testcase classname="tests.security.test_access_controls" name="test_login_endpoint_eventually_rate_limits_repeated_failures" time="2.262" /><testcase classname="tests.security.test_exports_and_inputs" name="test_csv_export_neutralizes_formula_cells" time="0.001" /><testcase classname="tests.security.test_exports_and_inputs" name="test_xlsx_export_writes_untrusted_values_as_strings_not_formulas" time="0.007" /><testcase classname="tests.security.test_exports_and_inputs" name="test_html_export_escapes_untrusted_narrative_and_title" time="0.001" /><testcase classname="tests.security.test_exports_and_inputs" name="test_artifact_store_rejects_parent_and_symlink_escape" time="0.003" /><testcase classname="tests.security.test_exports_and_inputs" name="test_connector_destination_rejects_ssrf_shapes[http://erp.example.test/api]" time="0.001" /><testcase classname="tests.security.test_exports_and_inputs" name="test_connector_destination_rejects_ssrf_shapes[https://erp.example.test.attacker.invalid/api]" time="0.001" /><testcase classname="tests.security.test_exports_and_inputs" name="test_connector_destination_rejects_ssrf_shapes[https://erp.example.test@169.254.169.254/latest/meta-data]" time="0.001" /><testcase classname="tests.security.test_exports_and_inputs" name="test_connector_destination_rejects_ssrf_shapes[https://127.0.0.1/]" time="0.001" /><testcase classname="tests.security.test_exports_and_inputs" name="test_connector_destination_rejects_ssrf_shapes[file:///etc/passwd]" time="0.001" /><testcase classname="tests.security.test_exports_and_inputs" name="test_connector_resolution_rejects_private_and_metadata_addresses" time="0.001" /><testcase classname="tests.security.test_exports_and_inputs" name="test_upload_rejects_an_executable_media_type_even_with_csv_suffix" time="1.328" /><testcase classname="tests.security.test_exports_and_inputs" name="test_request_schema_rejects_unknown_fields_without_echoing_values" time="1.241" /></testsuite></testsuites>