<?xml version="1.0" encoding="utf-8"?><testsuites name="pytest tests"><testsuite name="pytest" errors="0" failures="0" skipped="0" tests="3" time="1.054" timestamp="2026-09-05T20:26:25.455999+03:00" hostname="mousa-VivoBook-ASUSLaptop-M1603QA-M1603QA"><testcase classname="tests.connectors.test_postgres_live" name="test_postgres_real_keyset_resume_preserves_ties_and_decimal_precision" time="0.352" /><testcase classname="tests.connectors.test_postgres_live" name="test_postgres_rejects_null_watermark_before_advancing_checkpoint" time="0.083" /><testcase classname="tests.connectors.test_postgres_live" name="test_postgres_driver_transaction_is_read_only" time="0.084" /></testsuite></testsuites>